0 info it worked if it ends with ok
1 verbose cli [ '/usr/local/Cellar/node/6.2.0/bin/node',
1 verbose cli   '/usr/local/bin/npm',
1 verbose cli   'view',
1 verbose cli   '@21stio/microservice-lab-sdkd',
1 verbose cli   'version' ]
2 info using npm@3.10.6
3 info using node@v6.2.0
4 silly mapToRegistry name @21stio/microservice-lab-sdkd
5 silly mapToRegistry scope (from package name) @21stio
6 verbose mapToRegistry no registry URL found in name for scope @21stio
7 silly mapToRegistry using default registry
8 silly mapToRegistry registry https://registry.npmjs.org/
9 silly mapToRegistry data Result {
9 silly mapToRegistry   raw: '@21stio/microservice-lab-sdkd',
9 silly mapToRegistry   scope: '@21stio',
9 silly mapToRegistry   escapedName: '@21stio%2fmicroservice-lab-sdkd',
9 silly mapToRegistry   name: '@21stio/microservice-lab-sdkd',
9 silly mapToRegistry   rawSpec: '',
9 silly mapToRegistry   spec: 'latest',
9 silly mapToRegistry   type: 'tag' }
10 silly mapToRegistry uri https://registry.npmjs.org/@21stio%2fmicroservice-lab-sdkd
11 verbose request uri https://registry.npmjs.org/@21stio%2fmicroservice-lab-sdkd
12 verbose request no auth needed
13 info attempt registry request try #1 at 10:31:09 PM
14 verbose request using bearer token for auth
15 verbose request id a839b7f155951537
16 http request GET https://registry.npmjs.org/@21stio%2fmicroservice-lab-sdkd
17 http 404 https://registry.npmjs.org/@21stio%2fmicroservice-lab-sdkd
18 verbose headers { 'content-type': 'application/json',
18 verbose headers   'cache-control': 'max-age=0',
18 verbose headers   'content-length': '21',
18 verbose headers   'accept-ranges': 'bytes',
18 verbose headers   date: 'Fri, 23 Sep 2016 20:31:10 GMT',
18 verbose headers   via: '1.1 varnish',
18 verbose headers   connection: 'keep-alive',
18 verbose headers   'x-served-by': 'cache-jfk8145-JFK',
18 verbose headers   'x-cache': 'MISS',
18 verbose headers   'x-cache-hits': '0',
18 verbose headers   'x-timer': 'S1474662670.101276,VS0,VE280' }
19 silly get cb [ 404,
19 silly get   { 'content-type': 'application/json',
19 silly get     'cache-control': 'max-age=0',
19 silly get     'content-length': '21',
19 silly get     'accept-ranges': 'bytes',
19 silly get     date: 'Fri, 23 Sep 2016 20:31:10 GMT',
19 silly get     via: '1.1 varnish',
19 silly get     connection: 'keep-alive',
19 silly get     'x-served-by': 'cache-jfk8145-JFK',
19 silly get     'x-cache': 'MISS',
19 silly get     'x-cache-hits': '0',
19 silly get     'x-timer': 'S1474662670.101276,VS0,VE280' } ]
20 verbose stack Error: Not found : @21stio/microservice-lab-sdkd
20 verbose stack     at makeError (/usr/local/lib/node_modules/npm/node_modules/npm-registry-client/lib/request.js:264:12)
20 verbose stack     at CachingRegistryClient.<anonymous> (/usr/local/lib/node_modules/npm/node_modules/npm-registry-client/lib/request.js:252:14)
20 verbose stack     at Request._callback (/usr/local/lib/node_modules/npm/node_modules/npm-registry-client/lib/request.js:172:14)
20 verbose stack     at Request.self.callback (/usr/local/lib/node_modules/npm/node_modules/request/request.js:200:22)
20 verbose stack     at emitTwo (events.js:106:13)
20 verbose stack     at Request.emit (events.js:191:7)
20 verbose stack     at Request.<anonymous> (/usr/local/lib/node_modules/npm/node_modules/request/request.js:1067:10)
20 verbose stack     at emitOne (events.js:101:20)
20 verbose stack     at Request.emit (events.js:188:7)
20 verbose stack     at IncomingMessage.<anonymous> (/usr/local/lib/node_modules/npm/node_modules/request/request.js:988:12)
21 verbose statusCode 404
22 verbose pkgid @21stio/microservice-lab-sdkd
23 verbose cwd /Users/philippwordehoff/docker/swagger-codegen-npm-publish
24 error Darwin 15.6.0
25 error argv "/usr/local/Cellar/node/6.2.0/bin/node" "/usr/local/bin/npm" "view" "@21stio/microservice-lab-sdkd" "version"
26 error node v6.2.0
27 error npm  v3.10.6
28 error code E404
29 error 404 Not found : @21stio/microservice-lab-sdkd
30 error 404
31 error 404 '@21stio/microservice-lab-sdkd' is not in the npm registry.
32 error 404 You should bug the author to publish it (or use the name yourself!)
33 error 404 Note that you can also install from a
34 error 404 tarball, folder, http url, or git url.
35 verbose exit [ 1, true ]
